0 info it worked if it ends with ok
1 verbose cli [ '/Users/gzyj/.nvm/versions/node/v6.10.0/bin/node',
1 verbose cli   '/Users/gzyj/.nvm/versions/node/v6.10.0/bin/npm',
1 verbose cli   'run',
1 verbose cli   'dev:watch' ]
2 info using npm@3.10.10
3 info using node@v6.10.0
4 verbose run-script [ 'predev:watch', 'dev:watch', 'postdev:watch' ]
5 info lifecycle jbs-server@1.0.0~predev:watch: jbs-server@1.0.0
6 silly lifecycle jbs-server@1.0.0~predev:watch: no script for predev:watch, continuing
7 info lifecycle jbs-server@1.0.0~dev:watch: jbs-server@1.0.0
8 verbose lifecycle jbs-server@1.0.0~dev:watch: unsafe-perm in lifecycle true
9 verbose lifecycle jbs-server@1.0.0~dev:watch: PATH: /Users/gzyj/.nvm/versions/node/v6.10.0/lib/node_modules/npm/bin/node-gyp-bin:/Users/gzyj/Desktop/jbs-server-master/jbs-server/node_modules/.bin:/users/sban/go/bin:/Users/gzyj/.nvm/versions/node/v6.10.0/bin:/Library/Frameworks/Python.framework/Versions/3.5/bin:/Library/Frameworks/Python.framework/Versions/3.7/bin:/Library/Frameworks/Python.framework/Versions/3.6/bin:/Library/Frameworks/Python.framework/Versions/3.5/bin:/usr/local/bin:/usr/bin:/bin:/usr/sbin:/sbin:/usr/local/go/bin:/usr/local/mysql/bin:/usr/local/mysql/bin:/usr/local/Celler/mongodb/bin:/Users/gzyj/go/bin:/Users/gzyj/go/bin:/usr/local/mongodb/bin
10 verbose lifecycle jbs-server@1.0.0~dev:watch: CWD: /Users/gzyj/Desktop/jbs-server-master/jbs-server
11 silly lifecycle jbs-server@1.0.0~dev:watch: Args: [ '-c',
11 silly lifecycle   'NODE_ENV=development npm run prettier && npm run lint:fix && nodemon' ]
12 silly lifecycle jbs-server@1.0.0~dev:watch: Returned: code: 1  signal: null
13 info lifecycle jbs-server@1.0.0~dev:watch: Failed to exec dev:watch script
14 verbose stack Error: jbs-server@1.0.0 dev:watch: `NODE_ENV=development npm run prettier && npm run lint:fix && nodemon`
14 verbose stack Exit status 1
14 verbose stack     at EventEmitter.<anonymous> (/Users/gzyj/.nvm/versions/node/v6.10.0/lib/node_modules/npm/lib/utils/lifecycle.js:255:16)
14 verbose stack     at emitTwo (events.js:106:13)
14 verbose stack     at EventEmitter.emit (events.js:191:7)
14 verbose stack     at ChildProcess.<anonymous> (/Users/gzyj/.nvm/versions/node/v6.10.0/lib/node_modules/npm/lib/utils/spawn.js:40:14)
14 verbose stack     at emitTwo (events.js:106:13)
14 verbose stack     at ChildProcess.emit (events.js:191:7)
14 verbose stack     at maybeClose (internal/child_process.js:877:16)
14 verbose stack     at Process.ChildProcess._handle.onexit (internal/child_process.js:226:5)
15 verbose pkgid jbs-server@1.0.0
16 verbose cwd /Users/gzyj/Desktop/jbs-server-master/jbs-server
17 error Darwin 18.7.0
18 error argv "/Users/gzyj/.nvm/versions/node/v6.10.0/bin/node" "/Users/gzyj/.nvm/versions/node/v6.10.0/bin/npm" "run" "dev:watch"
19 error node v6.10.0
20 error npm  v3.10.10
21 error code ELIFECYCLE
22 error jbs-server@1.0.0 dev:watch: `NODE_ENV=development npm run prettier && npm run lint:fix && nodemon`
22 error Exit status 1
23 error Failed at the jbs-server@1.0.0 dev:watch script 'NODE_ENV=development npm run prettier && npm run lint:fix && nodemon'.
23 error Make sure you have the latest version of node.js and npm installed.
23 error If you do, this is most likely a problem with the jbs-server package,
23 error not with npm itself.
23 error Tell the author that this fails on your system:
23 error     NODE_ENV=development npm run prettier && npm run lint:fix && nodemon
23 error You can get information on how to open an issue for this project with:
23 error     npm bugs jbs-server
23 error Or if that isn't available, you can get their info via:
23 error     npm owner ls jbs-server
23 error There is likely additional logging output above.
24 verbose exit [ 1, true ]
